<?xml version="1.0" encoding="UTF-8"?>
<!-- Generated by org.testng.reporters.JUnitReportReporter -->
<testsuite skipped="0" hostname="LAPTOP-3LTEOA25" name="test.LoginTest" tests="1" failures="0" timestamp="2020-08-12T00:33:44 CDT" time="8.661" errors="0">
  <testcase name="UserShouldBeAbleToLogin" time="8.661" classname="test.LoginTest"/>
  <system-out/>
</testsuite> <!-- test.LoginTest -->
